<?xml version="1.0" encoding="UTF-8" ?>
<testsuite tests="8" failures="0" name="bddshowcasepackage.BDDShowcaseTest" time="0.418" errors="1" skipped="0">
  <properties>
    <property name="idea.version" value="2020.3.4"/>
    <property name="java.runtime.name" value="OpenJDK Runtime Environment"/>
    <property name="java.vm.version" value="15.0.2+7-27"/>
    <property name="sun.boot.library.path" value="C:\Program Files (x86)\Java\jdk-15.0.2\bin"/>
    <property name="maven.multiModuleProjectDirectory" value="D:\Development\GeFa-Testteam-BDD-Showcase"/>
    <property name="java.vm.vendor" value="Oracle Corporation"/>
    <property name="java.vendor.url" value="https://java.oracle.com/"/>
    <property name="guice.disable.misplaced.annotation.check" value="true"/>
    <property name="path.separator" value=";"/>
    <property name="java.vm.name" value="OpenJDK 64-Bit Server VM"/>
    <property name="sun.os.patch.level" value=""/>
    <property name="user.script" value=""/>
    <property name="user.country" value="US"/>
    <property name="sun.java.launcher" value="SUN_STANDARD"/>
    <property name="java.vm.specification.name" value="Java Virtual Machine Specification"/>
    <property name="user.dir" value="D:\Development\GeFa-Testteam-BDD-Showcase"/>
    <property name="java.vm.compressedOopsMode" value="32-bit"/>
    <property name="java.runtime.version" value="15.0.2+7-27"/>
    <property name="os.arch" value="amd64"/>
    <property name="java.io.tmpdir" value="C:\Users\ADMINI~1\AppData\Local\Temp\2\"/>
    <property name="line.separator" value="
"/>
    <property name="java.vm.specification.vendor" value="Oracle Corporation"/>
    <property name="user.variant" value=""/>
    <property name="os.name" value="Windows Server 2019"/>
    <property name="maven.ext.class.path" value="C:\Program Files\JetBrains\IntelliJ IDEA Community Edition 2019.2.2\plugins\maven\lib\maven-event-listener.jar"/>
    <property name="classworlds.conf" value="C:\Program Files\JetBrains\IntelliJ IDEA Community Edition 2019.2.2\plugins\maven\lib\maven3\bin\m2.conf"/>
    <property name="sun.jnu.encoding" value="Cp1252"/>
    <property name="java.library.path" value="C:\Program Files (x86)\Java\jdk-15.0.2\bin;C:\windows\Sun\Java\bin;C:\windows\system32;C:\windows;C:\windows\system32;C:\Program Files (x86)\Java\jdk-15.0.2\bin;C:\Program Files (x86)\apache-maven-3.6.2\bin;C:\Program Files (x86)\Common Files\Oracle\Java\javapath;C:\windows;C:\windows\System32\Wbem;C:\windows\System32\WindowsPowerShell\v1.0\;C:\windows\System32\OpenSSH\;C:\Program Files\Git\cmd;C:\Program Files\PuTTY\;C:\Program Files\Docker\Docker\resources\bin;C:\ProgramData\DockerDesktop\version-bin;C:\Users\Administrator\AppData\Local\Microsoft\WindowsApps;C:\Users\Administrator\AppData\Local\GitHubDesktop\bin;."/>
    <property name="maven.conf" value="C:\Program Files\JetBrains\IntelliJ IDEA Community Edition 2019.2.2\plugins\maven\lib\maven3/conf"/>
    <property name="jdk.debug" value="release"/>
    <property name="java.class.version" value="59.0"/>
    <property name="java.specification.name" value="Java Platform API Specification"/>
    <property name="sun.management.compiler" value="HotSpot 64-Bit Tiered Compilers"/>
    <property name="os.version" value="10.0"/>
    <property name="user.home" value="C:\Users\Administrator"/>
    <property name="user.timezone" value="Europe/Berlin"/>
    <property name="file.encoding" value="UTF-8"/>
    <property name="java.specification.version" value="15"/>
    <property name="user.name" value="Administrator"/>
    <property name="java.class.path" value="C:\Program Files\JetBrains\IntelliJ IDEA Community Edition 2019.2.2\plugins\maven\lib\maven3\boot\plexus-classworlds-2.6.0.jar;C:\Program Files\JetBrains\IntelliJ IDEA Community Edition 2019.2.2\plugins\maven\lib\maven3\boot\plexus-classworlds.license"/>
    <property name="java.vm.specification.version" value="15"/>
    <property name="sun.arch.data.model" value="64"/>
    <property name="sun.java.command" value="org.codehaus.classworlds.Launcher -Didea.version=2020.3.4 test"/>
    <property name="java.home" value="C:\Program Files (x86)\Java\jdk-15.0.2"/>
    <property name="user.language" value="en"/>
    <property name="java.specification.vendor" value="Oracle Corporation"/>
    <property name="java.vm.info" value="mixed mode, sharing"/>
    <property name="java.version" value="15.0.2"/>
    <property name="java.vendor" value="Oracle Corporation"/>
    <property name="maven.home" value="C:\Program Files\JetBrains\IntelliJ IDEA Community Edition 2019.2.2\plugins\maven\lib\maven3"/>
    <property name="file.separator" value="\"/>
    <property name="java.version.date" value="2021-01-19"/>
    <property name="java.vendor.url.bug" value="https://bugreport.java.com/bugreport/"/>
    <property name="sun.io.unicode.encoding" value="UnicodeLittle"/>
    <property name="sun.cpu.endian" value="little"/>
    <property name="sun.cpu.isalist" value="amd64"/>
  </properties>
  <testcase classname="Erfassen von Arbeitszeiten im System" name="Berechnung der gesetzlich vorgeschriebenen Pausenzeiten #1" time="0.232"/>
  <testcase classname="Erfassen von Arbeitszeiten im System" name="Berechnung der gesetzlich vorgeschriebenen Pausenzeiten #2" time="0.016"/>
  <testcase classname="Erfassen von Arbeitszeiten im System" name="Berechnung der gesetzlich vorgeschriebenen Pausenzeiten #3" time="0.016"/>
  <testcase classname="Erfassen von Arbeitszeiten im System" name="Berechnung der gesetzlich vorgeschriebenen Pausenzeiten #4" time="0"/>
  <testcase classname="Erfassen von Arbeitszeiten im System" name="Berechnung der gesetzlich vorgeschriebenen Pausenzeiten #5" time="0.022"/>
  <testcase classname="Erfassen von Arbeitszeiten im System" name="Berechnung der gesetzlich vorgeschriebenen Pausenzeiten #6" time="0.047"/>
  <testcase classname="Erfassen von Arbeitszeiten im System" name="Berechnung der gesetzlich vorgeschriebenen Pausenzeiten #7" time="0"/>
  <testcase classname="Erfassen von Arbeitszeiten im System" name="Verteilung der Stunden auf ein Projekt" time="0.085">
    <error message="The step &quot;der Mitarbeiter seine Arbeitszeit auf Projekte verteilt&quot; is undefined. You can implement it using the snippet(s) below:

@Wenn(&quot;der Mitarbeiter seine Arbeitszeit auf Projekte verteilt&quot;)
public void der_mitarbeiter_seine_arbeitszeit_auf_projekte_verteilt() {
    // Write code here that turns the phrase above into concrete actions
    throw new io.cucumber.java.PendingException();
}


Some other steps were also undefined:

@Dann(&quot;ist die Summe der Einzelzeiten identisch mit der Gesamtzeit&quot;)
public void ist_die_summe_der_einzelzeiten_identisch_mit_der_gesamtzeit() {
    // Write code here that turns the phrase above into concrete actions
    throw new io.cucumber.java.PendingException();
}
@Dann(&quot;der gesetzlich vorgeschriebene Pausenabzug ist eingehalten&quot;)
public void der_gesetzlich_vorgeschriebene_pausenabzug_ist_eingehalten() {
    // Write code here that turns the phrase above into concrete actions
    throw new io.cucumber.java.PendingException();
}
" type="io.cucumber.junit.UndefinedStepException">io.cucumber.junit.UndefinedStepException: The step &quot;der Mitarbeiter seine Arbeitszeit auf Projekte verteilt&quot; is undefined. You can implement it using the snippet(s) below:

@Wenn(&quot;der Mitarbeiter seine Arbeitszeit auf Projekte verteilt&quot;)
public void der_mitarbeiter_seine_arbeitszeit_auf_projekte_verteilt() {
    // Write code here that turns the phrase above into concrete actions
    throw new io.cucumber.java.PendingException();
}


Some other steps were also undefined:

@Dann(&quot;ist die Summe der Einzelzeiten identisch mit der Gesamtzeit&quot;)
public void ist_die_summe_der_einzelzeiten_identisch_mit_der_gesamtzeit() {
    // Write code here that turns the phrase above into concrete actions
    throw new io.cucumber.java.PendingException();
}
@Dann(&quot;der gesetzlich vorgeschriebene Pausenabzug ist eingehalten&quot;)
public void der_gesetzlich_vorgeschriebene_pausenabzug_ist_eingehalten() {
    // Write code here that turns the phrase above into concrete actions
    throw new io.cucumber.java.PendingException();
}

</error>
    <system-out>
Szenario: Verteilung der Stunden auf ein Projekt                                &amp;#27;[90m# bddshowcasepackage/Erfassen_von_Arbeitszeiten_im_System.feature:22&amp;#27;[0m
  &amp;#27;[32mAngenommen &amp;#27;[0m&amp;#27;[32mEin Mitarbeiter ist im System erfasst und einem Projekt zugeordnet&amp;#27;[0m &amp;#27;[90m# bddshowcasepackage.BDDShowcaseStepDefinitions.ein_mitarbeiter_ist_im_system_erfasst_und_einem_projekt_zugeordnet()&amp;#27;[0m
  &amp;#27;[33mWenn &amp;#27;[0m&amp;#27;[33mder Mitarbeiter seine Arbeitszeit auf Projekte verteilt&amp;#27;[0m                  &amp;#27;[90m# null&amp;#27;[0m
  &amp;#27;[36mDann &amp;#27;[0m&amp;#27;[36mist die Summe der Einzelzeiten identisch mit der Gesamtzeit&amp;#27;[0m              &amp;#27;[90m# null&amp;#27;[0m
  &amp;#27;[36mUnd &amp;#27;[0m&amp;#27;[36mder gesetzlich vorgeschriebene Pausenabzug ist eingehalten&amp;#27;[0m                &amp;#27;[90m# null&amp;#27;[0m
</system-out>
  </testcase>
</testsuite>